2023-01-24 17:25:30.309 [info] Added view workbench.panel.repl.view in the container workbench.panel.repl and showing it. undefined undefined undefined
2023-01-24 17:25:30.309 [info] Added view workbench.panel.markers.view in the container workbench.panel.markers and showing it. undefined undefined undefined
2023-01-24 17:25:30.309 [info] Added views:workbench.panel.markers.view in workbench.panel.markers
2023-01-24 17:25:30.309 [info] Added view workbench.panel.output in the container workbench.panel.output and showing it. undefined undefined undefined
2023-01-24 17:25:30.309 [info] Added views:workbench.panel.output in workbench.panel.output
2023-01-24 17:25:30.309 [info] Added view terminal in the container terminal and showing it. undefined undefined undefined
2023-01-24 17:25:30.309 [info] Added views:terminal in terminal
2023-01-24 17:25:30.309 [info] Added view workbench.debug.variablesView in the container workbench.view.debug and showing it. undefined undefined undefined
2023-01-24 17:25:30.309 [info] Added view workbench.debug.watchExpressionsView in the container workbench.view.debug and showing it. undefined undefined undefined
2023-01-24 17:25:30.309 [info] Added view workbench.debug.callStackView in the container workbench.view.debug and showing it. undefined undefined undefined
2023-01-24 17:25:30.309 [info] Added view workbench.debug.breakPointsView in the container workbench.view.debug and showing it. undefined undefined undefined
2023-01-24 17:25:30.309 [info] Added view workbench.debug.welcome in the container workbench.view.debug and showing it. undefined undefined undefined
2023-01-24 17:25:30.309 [info] Added view workbench.debug.loadedScriptsView in the container workbench.view.debug and showing it. undefined undefined undefined
2023-01-24 17:25:30.309 [info] Added view outline in the container workbench.view.explorer and showing it. undefined false undefined
2023-01-24 17:25:30.309 [info] Added view timeline in the container workbench.view.explorer and showing it. undefined false undefined
2023-01-24 17:25:30.309 [info] Added views:outline in workbench.view.explorer
2023-01-24 17:25:30.309 [info] Added view workbench.scm in the container workbench.view.scm and showing it. undefined undefined undefined
2023-01-24 17:25:30.309 [info] Added views:workbench.scm in workbench.view.scm
2023-01-24 17:25:30.309 [info] Added view workbench.view.search in the container workbench.view.search and showing it. undefined undefined undefined
2023-01-24 17:25:30.309 [info] Added views:workbench.view.search in workbench.view.search
2023-01-24 17:25:30.309 [info] Added views:timeline in workbench.view.explorer
2023-01-24 17:25:30.309 [info] Added view workbench.explorer.fileView in the container workbench.view.explorer and showing it. undefined undefined undefined
2023-01-24 17:25:30.309 [info] Added views:workbench.explorer.fileView in workbench.view.explorer
2023-01-24 17:25:30.459 [info] Added views:workbench.debug.welcome in workbench.view.debug
2023-01-24 17:25:30.837 [info] Added view jsBrowserBreakpoints in the container workbench.view.debug and showing it. undefined false undefined
2023-01-24 17:25:30.838 [info] Added view jsExcludedCallers in the container workbench.view.debug and showing it. undefined false undefined
2023-01-24 17:25:30.838 [info] Added views:remoteTargets in workbench.view.remote
2023-01-24 17:25:31.101 [info] Added views:workbench.panel.repl.view in workbench.panel.repl
