2023-01-26 18:07:19.544 [info] update#setState idle
2023-01-26 18:07:20.658 [info] Starting extension host with pid 9646 (fork() took 9 ms).
2023-01-26 18:07:49.552 [info] update#setState checking for updates
2023-01-26 18:07:49.630 [info] update#setState idle
2023-01-26 18:09:45.486 [error] [storage state.vscdb] prepare(): Error: SQLITE_READONLY_DBMOVED: attempt to write a readonly database (INSERT INTO ItemTable VALUES (?,?),(?,?),(?,?),(?,?),(?,?)). Details: Keys: memento/workbench.parts.editor, editors.mru, history.entries, memento/workbench.editors.files.textFileEditor, workbench.explorer.treeViewState Length: 7743
2023-01-26 18:13:20.420 [error] [storage state.vscdb] prepare(): Error: SQLITE_READONLY_DBMOVED: attempt to write a readonly database (INSERT INTO ItemTable VALUES (?,?)). Details: Keys: workbench.explorer.treeViewState Length: 280
2023-01-26 18:13:21.042 [error] [storage state.vscdb] prepare(): Error: SQLITE_READONLY_DBMOVED: attempt to write a readonly database (INSERT INTO ItemTable VALUES (?,?)). Details: Keys: workbench.editor.languageDetectionOpenedLanguages.workspace Length: 128
2023-01-26 18:13:21.042 [error] [storage state.vscdb] prepare(): Error: SQLITE_READONLY_DBMOVED: attempt to write a readonly database (INSERT INTO ItemTable VALUES (?,?)). Details: Keys: workbench.editor.languageDetectionOpenedLanguages.global Length: 128
2023-01-26 18:13:32.605 [error] [storage state.vscdb] prepare(): Error: SQLITE_READONLY_DBMOVED: attempt to write a readonly database (INSERT INTO ItemTable VALUES (?,?),(?,?),(?,?),(?,?),(?,?)). Details: Keys: memento/workbench.parts.editor, editors.mru, history.entries, memento/workbench.editors.files.textFileEditor, workbench.explorer.treeViewState Length: 7997
2023-01-26 18:13:41.347 [error] [storage state.vscdb] prepare(): Error: SQLITE_READONLY_DBMOVED: attempt to write a readonly database (INSERT INTO ItemTable VALUES (?,?),(?,?)). Details: Keys: __$__targetStorageMarker, terminal.integrated.layoutInfo Length: 1443
2023-01-26 18:13:43.329 [error] [storage state.vscdb] prepare(): Error: SQLITE_READONLY_DBMOVED: attempt to write a readonly database (INSERT INTO ItemTable VALUES (?,?),(?,?)). Details: Keys: content.trust.model.key, workbench.statusbar.hidden Length: 409
2023-01-26 18:13:43.329 [error] [storage state.vscdb] prepare(): Error: SQLITE_READONLY_DBMOVED: attempt to write a readonly database (INSERT INTO ItemTable VALUES (?,?)). Details: Keys: workbench.explorer.views.state Length: 304
2023-01-26 18:13:43.964 [error] [storage state.vscdb] prepare(): Error: SQLITE_READONLY_DBMOVED: attempt to write a readonly database (INSERT INTO ItemTable VALUES (?,?)). Details: Keys: terminal.integrated.layoutInfo Length: 153
2023-01-26 18:13:44.878 [error] [storage state.vscdb] prepare(): Error: SQLITE_READONLY_DBMOVED: attempt to write a readonly database (INSERT INTO ItemTable VALUES (?,?)). Details: Keys: terminal.integrated.environmentVariableCollections Length: 537
2023-01-26 18:13:45.192 [error] [storage state.vscdb] prepare(): Error: SQLITE_READONLY_DBMOVED: attempt to write a readonly database (INSERT INTO ItemTable VALUES (?,?),(?,?),(?,?),(?,?)). Details: Keys: memento/workbench.parts.editor, workbench.explorer.treeViewState, __$__targetStorageMarker, terminal.numberOfVisibleViews Length: 3110
2023-01-26 18:13:46.398 [error] [storage state.vscdb] prepare(): Error: SQLITE_READONLY_DBMOVED: attempt to write a readonly database (INSERT INTO ItemTable VALUES (?,?)). Details: Keys: terminal.integrated.layoutInfo Length: 153
2023-01-26 18:14:12.351 [error] [storage state.vscdb] prepare(): Error: SQLITE_READONLY_DBMOVED: attempt to write a readonly database (INSERT INTO ItemTable VALUES (?,?),(?,?)). Details: Keys: __$__targetStorageMarker, workbench.sidebar.activeviewletid Length: 1441
2023-01-26 18:14:49.129 [error] [storage state.vscdb] prepare(): Error: SQLITE_READONLY_DBMOVED: attempt to write a readonly database (INSERT INTO ItemTable VALUES (?,?)). Details: Keys: __$__targetStorageMarker Length: 1385
2023-01-26 18:15:20.474 [error] [storage state.vscdb] prepare(): Error: SQLITE_READONLY_DBMOVED: attempt to write a readonly database (INSERT INTO ItemTable VALUES (?,?)). Details: Keys: workbench.explorer.treeViewState Length: 546
2023-01-26 18:15:29.120 [error] [storage state.vscdb] prepare(): Error: SQLITE_READONLY_DBMOVED: attempt to write a readonly database (INSERT INTO ItemTable VALUES (?,?),(?,?),(?,?)). Details: Keys: __$__targetStorageMarker, workbench.sidebar.activeviewletid, workbench.scm.views.state Length: 1571
2023-01-26 18:16:10.652 [error] [storage state.vscdb] prepare(): Error: SQLITE_READONLY_DBMOVED: attempt to write a readonly database (INSERT INTO ItemTable VALUES (?,?),(?,?)). Details: Keys: memento/workbench.editors.files.textFileEditor, workbench.explorer.treeViewState Length: 6282
2023-01-26 18:16:10.654 [error] [storage state.vscdb] prepare(): Error: SQLITE_READONLY_DBMOVED: attempt to write a readonly database (INSERT INTO ItemTable VALUES (?,?),(?,?)). Details: Keys: __$__targetStorageMarker, scm/input:Git:/home/shane/.dotfiles Length: 2122
2023-01-26 18:16:16.809 [error] [storage state.vscdb] prepare(): Error: SQLITE_READONLY_DBMOVED: attempt to write a readonly database (INSERT INTO ItemTable VALUES (?,?)). Details: Keys: terminal Length: 60
2023-01-26 18:16:17.457 [error] [storage state.vscdb] prepare(): Error: SQLITE_READONLY_DBMOVED: attempt to write a readonly database (INSERT INTO ItemTable VALUES (?,?)). Details: Keys: terminal Length: 60
2023-01-26 18:16:21.542 [error] [storage state.vscdb] prepare(): Error: SQLITE_READONLY_DBMOVED: attempt to write a readonly database (INSERT INTO ItemTable VALUES (?,?)). Details: Keys: __$__targetStorageMarker Length: 1385
2023-01-26 18:16:27.796 [error] [storage state.vscdb] prepare(): Error: SQLITE_READONLY_DBMOVED: attempt to write a readonly database (INSERT INTO ItemTable VALUES (?,?),(?,?)). Details: Keys: __$__targetStorageMarker, workbench.sidebar.activeviewletid Length: 1441
2023-01-26 18:17:15.272 [error] [storage state.vscdb] prepare(): Error: SQLITE_READONLY_DBMOVED: attempt to write a readonly database (INSERT INTO ItemTable VALUES (?,?)). Details: Keys: __$__targetStorageMarker Length: 1385
2023-01-26 18:17:20.468 [error] [storage state.vscdb] prepare(): Error: SQLITE_READONLY_DBMOVED: attempt to write a readonly database (INSERT INTO ItemTable VALUES (?,?),(?,?)). Details: Keys: memento/workbench.editors.files.textFileEditor, workbench.explorer.treeViewState Length: 6275
2023-01-26 18:18:20.470 [error] [storage state.vscdb] prepare(): Error: SQLITE_READONLY_DBMOVED: attempt to write a readonly database (INSERT INTO ItemTable VALUES (?,?),(?,?)). Details: Keys: memento/workbench.editors.files.textFileEditor, workbench.explorer.treeViewState Length: 6172
2023-01-26 18:19:20.472 [error] [storage state.vscdb] prepare(): Error: SQLITE_READONLY_DBMOVED: attempt to write a readonly database (INSERT INTO ItemTable VALUES (?,?),(?,?)). Details: Keys: memento/workbench.editors.files.textFileEditor, workbench.explorer.treeViewState Length: 6266
2023-01-26 18:21:20.474 [error] [storage state.vscdb] prepare(): Error: SQLITE_READONLY_DBMOVED: attempt to write a readonly database (INSERT INTO ItemTable VALUES (?,?)). Details: Keys: workbench.explorer.treeViewState Length: 328
2023-01-26 18:21:58.783 [error] [storage state.vscdb] prepare(): Error: SQLITE_READONLY_DBMOVED: attempt to write a readonly database (INSERT INTO ItemTable VALUES (?,?),(?,?)). Details: Keys: __$__targetStorageMarker, workbench.sidebar.activeviewletid Length: 1441
2023-01-26 18:22:28.236 [error] [storage state.vscdb] prepare(): Error: SQLITE_READONLY_DBMOVED: attempt to write a readonly database (INSERT INTO ItemTable VALUES (?,?)). Details: Keys: scm/input:Git:/home/shane/.dotfiles Length: 53
2023-01-26 18:24:54.523 [error] [storage state.vscdb] prepare(): Error: SQLITE_READONLY_DBMOVED: attempt to write a readonly database (INSERT INTO ItemTable VALUES (?,?)). Details: Keys: __$__targetStorageMarker Length: 1385
2023-01-26 18:25:00.182 [error] [storage state.vscdb] prepare(): Error: SQLITE_READONLY_DBMOVED: attempt to write a readonly database (INSERT INTO ItemTable VALUES (?,?),(?,?)). Details: Keys: workbench.explorer.views.state, terminal Length: 364
2023-01-26 18:25:01.329 [error] [storage state.vscdb] prepare(): Error: SQLITE_READONLY_DBMOVED: attempt to write a readonly database (INSERT INTO ItemTable VALUES (?,?),(?,?)). Details: Keys: workbench.explorer.views.state, terminal Length: 364
2023-01-26 18:25:03.739 [error] [storage state.vscdb] prepare(): Error: SQLITE_READONLY_DBMOVED: attempt to write a readonly database (INSERT INTO ItemTable VALUES (?,?),(?,?)). Details: Keys: memento/workbench.editors.files.textFileEditor, workbench.explorer.treeViewState Length: 6200
2023-01-26 18:25:20.491 [error] [storage state.vscdb] prepare(): Error: SQLITE_READONLY_DBMOVED: attempt to write a readonly database (INSERT INTO ItemTable VALUES (?,?)). Details: Keys: workbench.explorer.treeViewState Length: 332
2023-01-26 18:26:09.661 [error] [storage state.vscdb] prepare(): Error: SQLITE_READONLY_DBMOVED: attempt to write a readonly database (INSERT INTO ItemTable VALUES (?,?)). Details: Keys: workbench.editor.languageDetectionOpenedLanguages.global Length: 128
2023-01-26 18:26:09.661 [error] [storage state.vscdb] prepare(): Error: SQLITE_READONLY_DBMOVED: attempt to write a readonly database (INSERT INTO ItemTable VALUES (?,?)). Details: Keys: workbench.editor.languageDetectionOpenedLanguages.workspace Length: 128
2023-01-26 18:26:20.493 [error] [storage state.vscdb] prepare(): Error: SQLITE_READONLY_DBMOVED: attempt to write a readonly database (INSERT INTO ItemTable VALUES (?,?),(?,?),(?,?),(?,?),(?,?)). Details: Keys: memento/workbench.parts.editor, editors.mru, history.entries, memento/workbench.editors.files.textFileEditor, workbench.explorer.treeViewState Length: 8051
